mode: atomic
github.com/nebulaclouds/nebula/nebulaplugins/go/tasks/aws/client.go:54.47,56.2 1 0
github.com/nebulaclouds/nebula/nebulaplugins/go/tasks/aws/client.go:59.44,61.2 1 0
github.com/nebulaclouds/nebula/nebulaplugins/go/tasks/aws/client.go:64.38,66.2 1 0
github.com/nebulaclouds/nebula/nebulaplugins/go/tasks/aws/client.go:68.37,70.2 1 0
github.com/nebulaclouds/nebula/nebulaplugins/go/tasks/aws/client.go:72.66,74.44 2 1
github.com/nebulaclouds/nebula/nebulaplugins/go/tasks/aws/client.go:74.44,76.19 2 0
github.com/nebulaclouds/nebula/nebulaplugins/go/tasks/aws/client.go:76.19,78.4 1 0
github.com/nebulaclouds/nebula/nebulaplugins/go/tasks/aws/client.go:80.3,81.15 2 0
github.com/nebulaclouds/nebula/nebulaplugins/go/tasks/aws/client.go:81.15,83.4 1 0
github.com/nebulaclouds/nebula/nebulaplugins/go/tasks/aws/client.go:85.3,85.47 1 0
github.com/nebulaclouds/nebula/nebulaplugins/go/tasks/aws/client.go:88.2,89.16 2 1
github.com/nebulaclouds/nebula/nebulaplugins/go/tasks/aws/client.go:89.16,91.3 1 0
github.com/nebulaclouds/nebula/nebulaplugins/go/tasks/aws/client.go:93.2,94.16 2 1
github.com/nebulaclouds/nebula/nebulaplugins/go/tasks/aws/client.go:94.16,96.3 1 0
github.com/nebulaclouds/nebula/nebulaplugins/go/tasks/aws/client.go:98.2,103.8 1 1
github.com/nebulaclouds/nebula/nebulaplugins/go/tasks/aws/client.go:107.57,108.26 1 1
github.com/nebulaclouds/nebula/nebulaplugins/go/tasks/aws/client.go:108.26,112.27 3 1
github.com/nebulaclouds/nebula/nebulaplugins/go/tasks/aws/client.go:112.27,114.4 1 1
github.com/nebulaclouds/nebula/nebulaplugins/go/tasks/aws/client.go:117.2,117.12 1 1
github.com/nebulaclouds/nebula/nebulaplugins/go/tasks/aws/client.go:121.40,124.26 3 1
github.com/nebulaclouds/nebula/nebulaplugins/go/tasks/aws/client.go:124.26,126.3 1 0
github.com/nebulaclouds/nebula/nebulaplugins/go/tasks/aws/client.go:128.2,128.27 1 1
github.com/nebulaclouds/nebula/nebulaplugins/go/tasks/aws/client.go:131.26,134.26 3 0
github.com/nebulaclouds/nebula/nebulaplugins/go/tasks/aws/client.go:134.26,136.3 1 0
github.com/nebulaclouds/nebula/nebulaplugins/go/tasks/aws/config.go:45.26,47.2 1 1
github.com/nebulaclouds/nebula/nebulaplugins/go/tasks/aws/config.go:49.54,52.44 1 0
github.com/nebulaclouds/nebula/nebulaplugins/go/tasks/aws/config.go:52.44,53.66 1 0
github.com/nebulaclouds/nebula/nebulaplugins/go/tasks/aws/config.go:53.66,55.5 1 0
github.com/nebulaclouds/nebula/nebulaplugins/go/tasks/aws/config.go:58.2,58.16 1 0
github.com/nebulaclouds/nebula/nebulaplugins/go/tasks/aws/config.go:58.16,60.3 1 0
github.com/nebulaclouds/nebula/nebulaplugins/go/tasks/aws/config.go:62.2,62.23 1 0
github.com/nebulaclouds/nebula/nebulaplugins/go/tasks/aws/config.go:65.86,67.2 1 0
github.com/nebulaclouds/nebula/nebulaplugins/go/tasks/aws/config_flags.go:17.57,18.53 1 0
github.com/nebulaclouds/nebula/nebulaplugins/go/tasks/aws/config_flags.go:18.53,19.33 1 0
github.com/nebulaclouds/nebula/nebulaplugins/go/tasks/aws/config_flags.go:19.33,21.4 1 0
github.com/nebulaclouds/nebula/nebulaplugins/go/tasks/aws/config_flags.go:21.9,23.4 1 0
github.com/nebulaclouds/nebula/nebulaplugins/go/tasks/aws/config_flags.go:24.8,24.21 1 0
github.com/nebulaclouds/nebula/nebulaplugins/go/tasks/aws/config_flags.go:24.21,26.3 1 0
github.com/nebulaclouds/nebula/nebulaplugins/go/tasks/aws/config_flags.go:28.2,28.10 1 0
github.com/nebulaclouds/nebula/nebulaplugins/go/tasks/aws/config_flags.go:31.53,33.16 2 0
github.com/nebulaclouds/nebula/nebulaplugins/go/tasks/aws/config_flags.go:33.16,34.13 1 0
github.com/nebulaclouds/nebula/nebulaplugins/go/tasks/aws/config_flags.go:37.2,37.20 1 0
github.com/nebulaclouds/nebula/nebulaplugins/go/tasks/aws/config_flags.go:40.56,42.16 2 0
github.com/nebulaclouds/nebula/nebulaplugins/go/tasks/aws/config_flags.go:42.16,43.13 1 0
github.com/nebulaclouds/nebula/nebulaplugins/go/tasks/aws/config_flags.go:46.2,46.20 1 0
github.com/nebulaclouds/nebula/nebulaplugins/go/tasks/aws/config_flags.go:51.61,57.2 5 2
github.com/nebulaclouds/nebula/nebulaplugins/go/tasks/pluginmachinery/encoding/encoder.go:40.57,44.2 1 7
github.com/nebulaclouds/nebula/nebulaplugins/go/tasks/pluginmachinery/encoding/encoder.go:48.92,49.31 1 12
github.com/nebulaclouds/nebula/nebulaplugins/go/tasks/pluginmachinery/encoding/encoder.go:49.31,51.3 1 4
github.com/nebulaclouds/nebula/nebulaplugins/go/tasks/pluginmachinery/encoding/encoder.go:53.2,54.33 2 8
github.com/nebulaclouds/nebula/nebulaplugins/go/tasks/pluginmachinery/encoding/encoder.go:54.33,55.61 1 5
github.com/nebulaclouds/nebula/nebulaplugins/go/tasks/pluginmachinery/encoding/encoder.go:55.61,56.27 1 5
github.com/nebulaclouds/nebula/nebulaplugins/go/tasks/pluginmachinery/encoding/encoder.go:57.21,58.26 1 3
github.com/nebulaclouds/nebula/nebulaplugins/go/tasks/pluginmachinery/encoding/encoder.go:59.21,60.26 1 1
github.com/nebulaclouds/nebula/nebulaplugins/go/tasks/pluginmachinery/encoding/encoder.go:61.22,62.27 1 1
github.com/nebulaclouds/nebula/nebulaplugins/go/tasks/pluginmachinery/encoding/encoder.go:67.2,67.19 1 8
github.com/nebulaclouds/nebula/nebulaplugins/go/tasks/pluginmachinery/encoding/encoder.go:67.19,69.3 1 3
github.com/nebulaclouds/nebula/nebulaplugins/go/tasks/pluginmachinery/encoding/encoder.go:72.2,83.31 4 8
github.com/nebulaclouds/nebula/nebulaplugins/go/tasks/pluginmachinery/encoding/encoder.go:83.31,85.3 1 4
github.com/nebulaclouds/nebula/nebulaplugins/go/tasks/pluginmachinery/encoding/encoder.go:86.2,86.22 1 4
github.com/nebulaclouds/nebula/nebulaplugins/go/tasks/pluginmachinery/encoding/encoder.go:92.100,94.26 2 7
github.com/nebulaclouds/nebula/nebulaplugins/go/tasks/pluginmachinery/encoding/encoder.go:94.26,95.27 1 55
github.com/nebulaclouds/nebula/nebulaplugins/go/tasks/pluginmachinery/encoding/encoder.go:95.27,98.4 1 48
github.com/nebulaclouds/nebula/nebulaplugins/go/tasks/pluginmachinery/encoding/encoder.go:101.3,101.26 1 55
github.com/nebulaclouds/nebula/nebulaplugins/go/tasks/pluginmachinery/encoding/encoder.go:104.2,104.63 1 7
github.com/nebulaclouds/nebula/nebulaplugins/go/tasks/pluginmachinery/nebulak8s/config/config.go:221.44,223.2 1 2
github.com/nebulaclouds/nebula/nebulaplugins/go/tasks/pluginmachinery/nebulak8s/config/config.go:226.53,228.2 1 0
github.com/nebulaclouds/nebula/nebulaplugins/go/tasks/pluginmachinery/nebulak8s/config/k8spluginconfig_flags.go:17.66,18.53 1 0
github.com/nebulaclouds/nebula/nebulaplugins/go/tasks/pluginmachinery/nebulak8s/config/k8spluginconfig_flags.go:18.53,19.33 1 0
github.com/nebulaclouds/nebula/nebulaplugins/go/tasks/pluginmachinery/nebulak8s/config/k8spluginconfig_flags.go:19.33,21.4 1 0
github.com/nebulaclouds/nebula/nebulaplugins/go/tasks/pluginmachinery/nebulak8s/config/k8spluginconfig_flags.go:21.9,23.4 1 0
github.com/nebulaclouds/nebula/nebulaplugins/go/tasks/pluginmachinery/nebulak8s/config/k8spluginconfig_flags.go:24.8,24.21 1 0
github.com/nebulaclouds/nebula/nebulaplugins/go/tasks/pluginmachinery/nebulak8s/config/k8spluginconfig_flags.go:24.21,26.3 1 0
github.com/nebulaclouds/nebula/nebulaplugins/go/tasks/pluginmachinery/nebulak8s/config/k8spluginconfig_flags.go:28.2,28.10 1 0
github.com/nebulaclouds/nebula/nebulaplugins/go/tasks/pluginmachinery/nebulak8s/config/k8spluginconfig_flags.go:31.62,33.16 2 0
github.com/nebulaclouds/nebula/nebulaplugins/go/tasks/pluginmachinery/nebulak8s/config/k8spluginconfig_flags.go:33.16,34.13 1 0
github.com/nebulaclouds/nebula/nebulaplugins/go/tasks/pluginmachinery/nebulak8s/config/k8spluginconfig_flags.go:37.2,37.20 1 0
github.com/nebulaclouds/nebula/nebulaplugins/go/tasks/pluginmachinery/nebulak8s/config/k8spluginconfig_flags.go:40.65,42.16 2 0
github.com/nebulaclouds/nebula/nebulaplugins/go/tasks/pluginmachinery/nebulak8s/config/k8spluginconfig_flags.go:42.16,43.13 1 0
github.com/nebulaclouds/nebula/nebulaplugins/go/tasks/pluginmachinery/nebulak8s/config/k8spluginconfig_flags.go:46.2,46.20 1 0
github.com/nebulaclouds/nebula/nebulaplugins/go/tasks/pluginmachinery/nebulak8s/config/k8spluginconfig_flags.go:51.70,71.2 19 2
github.com/nebulaclouds/nebula/nebulaplugins/go/tasks/pluginmachinery/utils/dns.go:18.68,19.65 1 10
github.com/nebulaclouds/nebula/nebulaplugins/go/tasks/pluginmachinery/utils/dns.go:19.65,21.3 1 3
github.com/nebulaclouds/nebula/nebulaplugins/go/tasks/pluginmachinery/utils/dns.go:22.2,26.54 5 7
github.com/nebulaclouds/nebula/nebulaplugins/go/tasks/pluginmachinery/utils/dns.go:26.54,28.17 2 1
github.com/nebulaclouds/nebula/nebulaplugins/go/tasks/pluginmachinery/utils/dns.go:28.17,30.4 1 1
github.com/nebulaclouds/nebula/nebulaplugins/go/tasks/pluginmachinery/utils/dns.go:30.9,32.4 1 0
github.com/nebulaclouds/nebula/nebulaplugins/go/tasks/pluginmachinery/utils/dns.go:34.2,34.13 1 7
github.com/nebulaclouds/nebula/nebulaplugins/go/tasks/pluginmachinery/utils/dns.go:38.54,40.2 1 9
github.com/nebulaclouds/nebula/nebulaplugins/go/tasks/pluginmachinery/utils/error_collection.go:12.41,14.33 2 4
github.com/nebulaclouds/nebula/nebulaplugins/go/tasks/pluginmachinery/utils/error_collection.go:14.33,16.3 1 5
github.com/nebulaclouds/nebula/nebulaplugins/go/tasks/pluginmachinery/utils/error_collection.go:18.2,18.20 1 4
github.com/nebulaclouds/nebula/nebulaplugins/go/tasks/pluginmachinery/utils/maps.go:5.61,7.25 2 3
github.com/nebulaclouds/nebula/nebulaplugins/go/tasks/pluginmachinery/utils/maps.go:7.25,9.3 1 6
github.com/nebulaclouds/nebula/nebulaplugins/go/tasks/pluginmachinery/utils/maps.go:11.2,12.25 2 3
github.com/nebulaclouds/nebula/nebulaplugins/go/tasks/pluginmachinery/utils/maps.go:12.25,13.23 1 6
github.com/nebulaclouds/nebula/nebulaplugins/go/tasks/pluginmachinery/utils/maps.go:13.23,15.4 1 4
github.com/nebulaclouds/nebula/nebulaplugins/go/tasks/pluginmachinery/utils/maps.go:18.2,18.18 1 3
github.com/nebulaclouds/nebula/nebulaplugins/go/tasks/pluginmachinery/utils/marshal_utils.go:18.75,19.22 1 0
github.com/nebulaclouds/nebula/nebulaplugins/go/tasks/pluginmachinery/utils/marshal_utils.go:19.22,21.3 1 0
github.com/nebulaclouds/nebula/nebulaplugins/go/tasks/pluginmachinery/utils/marshal_utils.go:23.2,24.16 2 0
github.com/nebulaclouds/nebula/nebulaplugins/go/tasks/pluginmachinery/utils/marshal_utils.go:24.16,26.3 1 0
github.com/nebulaclouds/nebula/nebulaplugins/go/tasks/pluginmachinery/utils/marshal_utils.go:28.2,28.84 1 0
github.com/nebulaclouds/nebula/nebulaplugins/go/tasks/pluginmachinery/utils/marshal_utils.go:28.84,30.3 1 0
github.com/nebulaclouds/nebula/nebulaplugins/go/tasks/pluginmachinery/utils/marshal_utils.go:32.2,32.12 1 0
github.com/nebulaclouds/nebula/nebulaplugins/go/tasks/pluginmachinery/utils/marshal_utils.go:35.66,36.16 1 0
github.com/nebulaclouds/nebula/nebulaplugins/go/tasks/pluginmachinery/utils/marshal_utils.go:36.16,38.3 1 0
github.com/nebulaclouds/nebula/nebulaplugins/go/tasks/pluginmachinery/utils/marshal_utils.go:40.2,41.16 2 0
github.com/nebulaclouds/nebula/nebulaplugins/go/tasks/pluginmachinery/utils/marshal_utils.go:41.16,43.3 1 0
github.com/nebulaclouds/nebula/nebulaplugins/go/tasks/pluginmachinery/utils/marshal_utils.go:45.2,45.60 1 0
github.com/nebulaclouds/nebula/nebulaplugins/go/tasks/pluginmachinery/utils/marshal_utils.go:45.60,47.3 1 0
github.com/nebulaclouds/nebula/nebulaplugins/go/tasks/pluginmachinery/utils/marshal_utils.go:49.2,49.12 1 0
github.com/nebulaclouds/nebula/nebulaplugins/go/tasks/pluginmachinery/utils/marshal_utils.go:52.57,54.2 1 0
github.com/nebulaclouds/nebula/nebulaplugins/go/tasks/pluginmachinery/utils/marshal_utils.go:58.70,60.16 2 0
github.com/nebulaclouds/nebula/nebulaplugins/go/tasks/pluginmachinery/utils/marshal_utils.go:60.16,62.3 1 0
github.com/nebulaclouds/nebula/nebulaplugins/go/tasks/pluginmachinery/utils/marshal_utils.go:65.2,66.69 2 0
github.com/nebulaclouds/nebula/nebulaplugins/go/tasks/pluginmachinery/utils/marshal_utils.go:66.69,68.3 1 0
github.com/nebulaclouds/nebula/nebulaplugins/go/tasks/pluginmachinery/utils/marshal_utils.go:69.2,69.23 1 0
github.com/nebulaclouds/nebula/nebulaplugins/go/tasks/pluginmachinery/utils/marshal_utils.go:73.78,74.22 1 3
github.com/nebulaclouds/nebula/nebulaplugins/go/tasks/pluginmachinery/utils/marshal_utils.go:74.22,76.3 1 1
github.com/nebulaclouds/nebula/nebulaplugins/go/tasks/pluginmachinery/utils/marshal_utils.go:78.2,79.16 2 2
github.com/nebulaclouds/nebula/nebulaplugins/go/tasks/pluginmachinery/utils/marshal_utils.go:79.16,81.3 1 0
github.com/nebulaclouds/nebula/nebulaplugins/go/tasks/pluginmachinery/utils/marshal_utils.go:83.2,83.52 1 2
github.com/nebulaclouds/nebula/nebulaplugins/go/tasks/pluginmachinery/utils/marshal_utils.go:83.52,85.3 1 1
github.com/nebulaclouds/nebula/nebulaplugins/go/tasks/pluginmachinery/utils/marshal_utils.go:87.2,87.12 1 1
github.com/nebulaclouds/nebula/nebulaplugins/go/tasks/pluginmachinery/utils/transformers.go:3.57,4.14 1 2
github.com/nebulaclouds/nebula/nebulaplugins/go/tasks/pluginmachinery/utils/transformers.go:4.14,6.3 1 1
github.com/nebulaclouds/nebula/nebulaplugins/go/tasks/pluginmachinery/utils/transformers.go:7.2,8.22 2 1
github.com/nebulaclouds/nebula/nebulaplugins/go/tasks/pluginmachinery/utils/transformers.go:8.22,10.3 1 1
github.com/nebulaclouds/nebula/nebulaplugins/go/tasks/pluginmachinery/utils/transformers.go:11.2,11.8 1 1
github.com/nebulaclouds/nebula/nebulaplugins/go/tasks/pluginmachinery/utils/transformers.go:14.42,15.14 1 4
github.com/nebulaclouds/nebula/nebulaplugins/go/tasks/pluginmachinery/utils/transformers.go:15.14,17.3 1 1
github.com/nebulaclouds/nebula/nebulaplugins/go/tasks/pluginmachinery/utils/transformers.go:19.2,19.22 1 3
github.com/nebulaclouds/nebula/nebulaplugins/go/tasks/pluginmachinery/utils/transformers.go:19.22,20.13 1 5
github.com/nebulaclouds/nebula/nebulaplugins/go/tasks/pluginmachinery/utils/transformers.go:20.13,22.4 1 1
github.com/nebulaclouds/nebula/nebulaplugins/go/tasks/pluginmachinery/utils/transformers.go:25.2,25.14 1 2
github.com/nebulaclouds/nebula/nebulaplugins/go/tasks/pluginmachinery/workqueue/queue.go:34.39,36.2 1 5
github.com/nebulaclouds/nebula/nebulaplugins/go/tasks/pluginmachinery/workqueue/queue.go:77.42,79.2 1 2
github.com/nebulaclouds/nebula/nebulaplugins/go/tasks/pluginmachinery/workqueue/queue.go:81.42,83.2 1 3
github.com/nebulaclouds/nebula/nebulaplugins/go/tasks/pluginmachinery/workqueue/queue.go:85.46,87.2 1 11
github.com/nebulaclouds/nebula/nebulaplugins/go/tasks/pluginmachinery/workqueue/queue.go:89.40,91.2 1 3
github.com/nebulaclouds/nebula/nebulaplugins/go/tasks/pluginmachinery/workqueue/queue.go:93.50,95.2 1 9
github.com/nebulaclouds/nebula/nebulaplugins/go/tasks/pluginmachinery/workqueue/queue.go:121.79,123.12 2 12
github.com/nebulaclouds/nebula/nebulaplugins/go/tasks/pluginmachinery/workqueue/queue.go:123.12,125.3 1 5
github.com/nebulaclouds/nebula/nebulaplugins/go/tasks/pluginmachinery/workqueue/queue.go:127.2,127.35 1 7
github.com/nebulaclouds/nebula/nebulaplugins/go/tasks/pluginmachinery/workqueue/queue.go:130.66,132.2 1 11
github.com/nebulaclouds/nebula/nebulaplugins/go/tasks/pluginmachinery/workqueue/queue.go:134.71,138.2 3 5
github.com/nebulaclouds/nebula/nebulaplugins/go/tasks/pluginmachinery/workqueue/queue.go:140.80,144.16 3 5
github.com/nebulaclouds/nebula/nebulaplugins/go/tasks/pluginmachinery/workqueue/queue.go:144.16,146.3 1 1
github.com/nebulaclouds/nebula/nebulaplugins/go/tasks/pluginmachinery/workqueue/queue.go:148.2,148.40 1 4
github.com/nebulaclouds/nebula/nebulaplugins/go/tasks/pluginmachinery/workqueue/queue.go:148.40,150.3 1 0
github.com/nebulaclouds/nebula/nebulaplugins/go/tasks/pluginmachinery/workqueue/queue.go:152.2,160.12 4 4
github.com/nebulaclouds/nebula/nebulaplugins/go/tasks/pluginmachinery/workqueue/queue.go:163.79,168.12 4 6
github.com/nebulaclouds/nebula/nebulaplugins/go/tasks/pluginmachinery/workqueue/queue.go:168.12,171.3 2 0
github.com/nebulaclouds/nebula/nebulaplugins/go/tasks/pluginmachinery/workqueue/queue.go:173.2,175.22 3 6
github.com/nebulaclouds/nebula/nebulaplugins/go/tasks/pluginmachinery/workqueue/queue.go:178.92,179.33 1 3
github.com/nebulaclouds/nebula/nebulaplugins/go/tasks/pluginmachinery/workqueue/queue.go:179.33,181.3 1 1
github.com/nebulaclouds/nebula/nebulaplugins/go/tasks/pluginmachinery/workqueue/queue.go:183.2,183.12 1 3
github.com/nebulaclouds/nebula/nebulaplugins/go/tasks/pluginmachinery/workqueue/queue.go:186.50,190.15 3 6
github.com/nebulaclouds/nebula/nebulaplugins/go/tasks/pluginmachinery/workqueue/queue.go:190.15,192.3 1 1
github.com/nebulaclouds/nebula/nebulaplugins/go/tasks/pluginmachinery/workqueue/queue.go:194.2,194.33 1 5
github.com/nebulaclouds/nebula/nebulaplugins/go/tasks/pluginmachinery/workqueue/queue.go:194.33,195.32 1 5
github.com/nebulaclouds/nebula/nebulaplugins/go/tasks/pluginmachinery/workqueue/queue.go:195.32,196.8 1 5
github.com/nebulaclouds/nebula/nebulaplugins/go/tasks/pluginmachinery/workqueue/queue.go:196.8,197.12 1 8
github.com/nebulaclouds/nebula/nebulaplugins/go/tasks/pluginmachinery/workqueue/queue.go:198.23,200.12 2 2
github.com/nebulaclouds/nebula/nebulaplugins/go/tasks/pluginmachinery/workqueue/queue.go:201.13,203.18 2 6
github.com/nebulaclouds/nebula/nebulaplugins/go/tasks/pluginmachinery/workqueue/queue.go:203.18,206.7 2 0
github.com/nebulaclouds/nebula/nebulaplugins/go/tasks/pluginmachinery/workqueue/queue.go:208.6,213.13 5 3
github.com/nebulaclouds/nebula/nebulaplugins/go/tasks/pluginmachinery/workqueue/queue.go:213.13,214.20 1 3
github.com/nebulaclouds/nebula/nebulaplugins/go/tasks/pluginmachinery/workqueue/queue.go:214.20,215.42 1 3
github.com/nebulaclouds/nebula/nebulaplugins/go/tasks/pluginmachinery/workqueue/queue.go:215.42,218.9 2 0
github.com/nebulaclouds/nebula/nebulaplugins/go/tasks/pluginmachinery/workqueue/queue.go:221.7,222.68 2 3
github.com/nebulaclouds/nebula/nebulaplugins/go/tasks/pluginmachinery/workqueue/queue.go:225.6,225.20 1 3
github.com/nebulaclouds/nebula/nebulaplugins/go/tasks/pluginmachinery/workqueue/queue.go:225.20,230.51 4 1
github.com/nebulaclouds/nebula/nebulaplugins/go/tasks/pluginmachinery/workqueue/queue.go:230.51,236.16 5 1
github.com/nebulaclouds/nebula/nebulaplugins/go/tasks/pluginmachinery/workqueue/queue.go:240.6,242.26 3 2
github.com/nebulaclouds/nebula/nebulaplugins/go/tasks/pluginmachinery/workqueue/queue.go:242.26,244.7 1 0
github.com/nebulaclouds/nebula/nebulaplugins/go/tasks/pluginmachinery/workqueue/queue.go:250.2,251.12 2 5
github.com/nebulaclouds/nebula/nebulaplugins/go/tasks/pluginmachinery/workqueue/queue.go:254.48,261.2 1 6
github.com/nebulaclouds/nebula/nebulaplugins/go/tasks/pluginmachinery/workqueue/queue.go:264.128,266.16 2 6
github.com/nebulaclouds/nebula/nebulaplugins/go/tasks/pluginmachinery/workqueue/queue.go:266.16,268.3 1 0
github.com/nebulaclouds/nebula/nebulaplugins/go/tasks/pluginmachinery/workqueue/queue.go:270.2,280.8 1 6
github.com/nebulaclouds/nebula/nebulaplugins/go/tasks/pluginmachinery/workqueue/workstatus_enumer.go:13.37,14.46 1 4
github.com/nebulaclouds/nebula/nebulaplugins/go/tasks/pluginmachinery/workqueue/workstatus_enumer.go:14.46,16.3 1 0
github.com/nebulaclouds/nebula/nebulaplugins/go/tasks/pluginmachinery/workqueue/workstatus_enumer.go:17.2,17.67 1 4
github.com/nebulaclouds/nebula/nebulaplugins/go/tasks/pluginmachinery/workqueue/workstatus_enumer.go:30.53,31.49 1 0
github.com/nebulaclouds/nebula/nebulaplugins/go/tasks/pluginmachinery/workqueue/workstatus_enumer.go:31.49,33.3 1 0
github.com/nebulaclouds/nebula/nebulaplugins/go/tasks/pluginmachinery/workqueue/workstatus_enumer.go:34.2,34.68 1 0
github.com/nebulaclouds/nebula/nebulaplugins/go/tasks/pluginmachinery/workqueue/workstatus_enumer.go:38.38,40.2 1 0
github.com/nebulaclouds/nebula/nebulaplugins/go/tasks/pluginmachinery/workqueue/workstatus_enumer.go:43.42,44.38 1 0
github.com/nebulaclouds/nebula/nebulaplugins/go/tasks/pluginmachinery/workqueue/workstatus_enumer.go:44.38,45.13 1 0
github.com/nebulaclouds/nebula/nebulaplugins/go/tasks/pluginmachinery/workqueue/workstatus_enumer.go:45.13,47.4 1 0
github.com/nebulaclouds/nebula/nebulaplugins/go/tasks/pluginmachinery/workqueue/workstatus_enumer.go:49.2,49.14 1 0
github.com/nebulaclouds/nebula/nebulaplugins/go/tasks/plugins/array/awsbatch/definition/job_def_cache.go:35.35,37.2 1 0
github.com/nebulaclouds/nebula/nebulaplugins/go/tasks/plugins/array/awsbatch/definition/job_def_cache.go:43.79,44.61 1 0
github.com/nebulaclouds/nebula/nebulaplugins/go/tasks/plugins/array/awsbatch/definition/job_def_cache.go:44.61,46.3 1 0
github.com/nebulaclouds/nebula/nebulaplugins/go/tasks/plugins/array/awsbatch/definition/job_def_cache.go:48.2,48.18 1 0
github.com/nebulaclouds/nebula/nebulaplugins/go/tasks/plugins/array/awsbatch/definition/job_def_cache.go:51.69,53.2 1 0
github.com/nebulaclouds/nebula/nebulaplugins/go/tasks/plugins/array/awsbatch/definition/job_def_cache.go:56.69,62.2 1 0
github.com/nebulaclouds/nebula/nebulaplugins/go/tasks/plugins/array/awsbatch/definition/job_def_cache.go:65.49,69.2 1 0
github.com/nebulaclouds/nebula/nebulaplugins/go/tasks/plugins/array/awsbatch/definition/utils.go:9.54,11.28 2 3
github.com/nebulaclouds/nebula/nebulaplugins/go/tasks/plugins/array/awsbatch/definition/utils.go:11.28,12.105 1 303
github.com/nebulaclouds/nebula/nebulaplugins/go/tasks/plugins/array/awsbatch/definition/utils.go:12.105,14.4 1 299
github.com/nebulaclouds/nebula/nebulaplugins/go/tasks/plugins/array/awsbatch/definition/utils.go:14.9,16.4 1 4
github.com/nebulaclouds/nebula/nebulaplugins/go/tasks/plugins/array/awsbatch/definition/utils.go:19.2,19.20 1 3
github.com/nebulaclouds/nebula/nebulaplugins/go/tasks/plugins/array/awsbatch/definition/utils.go:19.20,21.3 1 2
github.com/nebulaclouds/nebula/nebulaplugins/go/tasks/plugins/array/awsbatch/definition/utils.go:23.2,23.26 1 1
github.com/nebulaclouds/nebula/nebulaplugins/go/tasks/plugins/array/awsbatch/config/config.go:75.26,77.2 1 0
github.com/nebulaclouds/nebula/nebulaplugins/go/tasks/plugins/array/awsbatch/config/config_flags.go:17.57,18.53 1 0
github.com/nebulaclouds/nebula/nebulaplugins/go/tasks/plugins/array/awsbatch/config/config_flags.go:18.53,19.33 1 0
github.com/nebulaclouds/nebula/nebulaplugins/go/tasks/plugins/array/awsbatch/config/config_flags.go:19.33,21.4 1 0
github.com/nebulaclouds/nebula/nebulaplugins/go/tasks/plugins/array/awsbatch/config/config_flags.go:21.9,23.4 1 0
github.com/nebulaclouds/nebula/nebulaplugins/go/tasks/plugins/array/awsbatch/config/config_flags.go:24.8,24.21 1 0
github.com/nebulaclouds/nebula/nebulaplugins/go/tasks/plugins/array/awsbatch/config/config_flags.go:24.21,26.3 1 0
github.com/nebulaclouds/nebula/nebulaplugins/go/tasks/plugins/array/awsbatch/config/config_flags.go:28.2,28.10 1 0
github.com/nebulaclouds/nebula/nebulaplugins/go/tasks/plugins/array/awsbatch/config/config_flags.go:31.53,33.16 2 0
github.com/nebulaclouds/nebula/nebulaplugins/go/tasks/plugins/array/awsbatch/config/config_flags.go:33.16,34.13 1 0
github.com/nebulaclouds/nebula/nebulaplugins/go/tasks/plugins/array/awsbatch/config/config_flags.go:37.2,37.20 1 0
github.com/nebulaclouds/nebula/nebulaplugins/go/tasks/plugins/array/awsbatch/config/config_flags.go:40.56,42.16 2 0
github.com/nebulaclouds/nebula/nebulaplugins/go/tasks/plugins/array/awsbatch/config/config_flags.go:42.16,43.13 1 0
github.com/nebulaclouds/nebula/nebulaplugins/go/tasks/plugins/array/awsbatch/config/config_flags.go:46.2,46.20 1 0
github.com/nebulaclouds/nebula/nebulaplugins/go/tasks/plugins/array/awsbatch/config/config_flags.go:51.61,75.2 23 2
github.com/nebulaclouds/nebula/nebulaplugins/go/tasks/plugins/array/errorcollector/collector.go:18.61,19.47 1 8
github.com/nebulaclouds/nebula/nebulaplugins/go/tasks/plugins/array/errorcollector/collector.go:19.47,22.3 2 4
github.com/nebulaclouds/nebula/nebulaplugins/go/tasks/plugins/array/errorcollector/collector.go:24.2,26.38 3 4
github.com/nebulaclouds/nebula/nebulaplugins/go/tasks/plugins/array/errorcollector/collector.go:29.62,33.19 4 2
github.com/nebulaclouds/nebula/nebulaplugins/go/tasks/plugins/array/errorcollector/collector.go:33.19,35.3 1 0
github.com/nebulaclouds/nebula/nebulaplugins/go/tasks/plugins/array/errorcollector/collector.go:37.2,38.30 2 2
github.com/nebulaclouds/nebula/nebulaplugins/go/tasks/plugins/array/errorcollector/collector.go:38.30,40.3 1 4
github.com/nebulaclouds/nebula/nebulaplugins/go/tasks/plugins/array/errorcollector/collector.go:42.2,42.40 1 2
github.com/nebulaclouds/nebula/nebulaplugins/go/tasks/plugins/array/errorcollector/collector.go:42.40,44.28 2 3
github.com/nebulaclouds/nebula/nebulaplugins/go/tasks/plugins/array/errorcollector/collector.go:44.28,47.9 2 1
github.com/nebulaclouds/nebula/nebulaplugins/go/tasks/plugins/array/errorcollector/collector.go:51.2,51.12 1 2
github.com/nebulaclouds/nebula/nebulaplugins/go/tasks/plugins/array/errorcollector/collector.go:54.45,56.2 1 0
github.com/nebulaclouds/nebula/nebulaplugins/go/tasks/plugins/array/errorcollector/collector.go:59.55,63.2 1 2
github.com/nebulaclouds/nebula/nebulaplugins/go/tasks/plugins/array/errorcollector/index_range.go:14.37,15.22 1 5
github.com/nebulaclouds/nebula/nebulaplugins/go/tasks/plugins/array/errorcollector/index_range.go:15.22,17.3 1 3
github.com/nebulaclouds/nebula/nebulaplugins/go/tasks/plugins/array/errorcollector/index_range.go:19.2,19.47 1 2
github.com/nebulaclouds/nebula/nebulaplugins/go/tasks/plugins/array/errorcollector/index_range.go:22.53,25.2 1 32
github.com/nebulaclouds/nebula/nebulaplugins/go/tasks/plugins/array/errorcollector/index_range.go:27.50,28.27 1 7
github.com/nebulaclouds/nebula/nebulaplugins/go/tasks/plugins/array/errorcollector/index_range.go:28.27,30.3 1 2
github.com/nebulaclouds/nebula/nebulaplugins/go/tasks/plugins/array/errorcollector/index_range.go:32.2,32.23 1 7
github.com/nebulaclouds/nebula/nebulaplugins/go/tasks/plugins/array/errorcollector/index_range.go:32.23,34.3 1 5
github.com/nebulaclouds/nebula/nebulaplugins/go/tasks/plugins/array/errorcollector/range_collection.go:11.42,13.2 1 5
github.com/nebulaclouds/nebula/nebulaplugins/go/tasks/plugins/array/errorcollector/range_collection.go:15.52,18.33 3 9
github.com/nebulaclouds/nebula/nebulaplugins/go/tasks/plugins/array/errorcollector/range_collection.go:18.33,20.3 1 9
github.com/nebulaclouds/nebula/nebulaplugins/go/tasks/plugins/array/errorcollector/range_collection.go:22.2,22.31 1 0
github.com/nebulaclouds/nebula/nebulaplugins/go/tasks/plugins/array/errorcollector/range_collection.go:25.47,29.2 3 4
github.com/nebulaclouds/nebula/nebulaplugins/go/tasks/plugins/array/errorcollector/range_collection.go:31.45,33.23 2 16
github.com/nebulaclouds/nebula/nebulaplugins/go/tasks/plugins/array/errorcollector/range_collection.go:33.23,34.28 1 16
github.com/nebulaclouds/nebula/nebulaplugins/go/tasks/plugins/array/errorcollector/range_collection.go:34.28,37.4 2 6
github.com/nebulaclouds/nebula/nebulaplugins/go/tasks/plugins/array/errorcollector/range_collection.go:40.2,40.27 1 10
github.com/nebulaclouds/nebula/nebulaplugins/go/tasks/plugins/array/errorcollector/range_collection.go:43.43,53.31 5 5
github.com/nebulaclouds/nebula/nebulaplugins/go/tasks/plugins/array/errorcollector/range_collection.go:53.31,56.29 2 7
github.com/nebulaclouds/nebula/nebulaplugins/go/tasks/plugins/array/errorcollector/range_collection.go:56.29,59.4 2 1
github.com/nebulaclouds/nebula/nebulaplugins/go/tasks/plugins/array/errorcollector/range_collection.go:59.9,61.4 1 6
github.com/nebulaclouds/nebula/nebulaplugins/go/tasks/plugins/array/errorcollector/range_collection.go:64.2,64.17 1 5
github.com/nebulaclouds/nebula/nebulaplugins/go/tasks/plugins/array/errorcollector/range_collection.go:64.17,69.3 2 1
github.com/nebulaclouds/nebula/nebulaplugins/go/tasks/plugins/array/errorcollector/range_collection.go:72.47,75.22 3 3
github.com/nebulaclouds/nebula/nebulaplugins/go/tasks/plugins/array/errorcollector/range_collection.go:75.22,77.3 1 5
github.com/nebulaclouds/nebula/nebulaplugins/go/tasks/plugins/array/errorcollector/range_collection.go:79.2,79.12 1 3
github.com/nebulaclouds/nebula/nebulaplugins/go/tasks/plugins/array/errorcollector/range_stack.go:16.44,18.2 1 13
github.com/nebulaclouds/nebula/nebulaplugins/go/tasks/plugins/array/errorcollector/range_stack.go:20.40,22.16 2 4
github.com/nebulaclouds/nebula/nebulaplugins/go/tasks/plugins/array/errorcollector/range_stack.go:22.16,24.3 1 1
github.com/nebulaclouds/nebula/nebulaplugins/go/tasks/plugins/array/errorcollector/range_stack.go:26.2,27.23 2 3
github.com/nebulaclouds/nebula/nebulaplugins/go/tasks/plugins/array/errorcollector/range_stack.go:30.40,31.18 1 9
github.com/nebulaclouds/nebula/nebulaplugins/go/tasks/plugins/array/errorcollector/range_stack.go:31.18,33.3 1 1
github.com/nebulaclouds/nebula/nebulaplugins/go/tasks/plugins/array/errorcollector/range_stack.go:35.2,35.25 1 8
github.com/nebulaclouds/nebula/nebulaplugins/go/tasks/plugins/array/errorcollector/range_stack.go:38.43,40.6 2 1
github.com/nebulaclouds/nebula/nebulaplugins/go/tasks/plugins/array/errorcollector/range_stack.go:40.6,42.17 2 4
github.com/nebulaclouds/nebula/nebulaplugins/go/tasks/plugins/array/errorcollector/range_stack.go:42.17,43.9 1 1
github.com/nebulaclouds/nebula/nebulaplugins/go/tasks/plugins/array/errorcollector/range_stack.go:46.3,46.25 1 3
github.com/nebulaclouds/nebula/nebulaplugins/go/tasks/plugins/array/errorcollector/range_stack.go:49.2,49.12 1 1
github.com/nebulaclouds/nebula/nebulaplugins/go/tasks/plugins/hive/client/qubole_client.go:86.80,94.2 6 7
github.com/nebulaclouds/nebula/nebulaplugins/go/tasks/plugins/hive/client/qubole_client.go:101.32,101.46 1 0
github.com/nebulaclouds/nebula/nebulaplugins/go/tasks/plugins/hive/client/qubole_client.go:103.61,106.16 2 3
github.com/nebulaclouds/nebula/nebulaplugins/go/tasks/plugins/hive/client/qubole_client.go:106.16,108.3 1 0
github.com/nebulaclouds/nebula/nebulaplugins/go/tasks/plugins/hive/client/qubole_client.go:110.2,112.12 3 3
github.com/nebulaclouds/nebula/nebulaplugins/go/tasks/plugins/hive/client/qubole_client.go:115.61,117.16 2 4
github.com/nebulaclouds/nebula/nebulaplugins/go/tasks/plugins/hive/client/qubole_client.go:117.16,119.3 1 0
github.com/nebulaclouds/nebula/nebulaplugins/go/tasks/plugins/hive/client/qubole_client.go:121.2,121.31 1 4
github.com/nebulaclouds/nebula/nebulaplugins/go/tasks/plugins/hive/client/qubole_client.go:124.62,126.16 2 7
github.com/nebulaclouds/nebula/nebulaplugins/go/tasks/plugins/hive/client/qubole_client.go:126.16,128.3 1 0
github.com/nebulaclouds/nebula/nebulaplugins/go/tasks/plugins/hive/client/qubole_client.go:129.2,130.16 2 7
github.com/nebulaclouds/nebula/nebulaplugins/go/tasks/plugins/hive/client/qubole_client.go:130.16,132.3 1 0
github.com/nebulaclouds/nebula/nebulaplugins/go/tasks/plugins/hive/client/qubole_client.go:137.64,141.16 3 7
github.com/nebulaclouds/nebula/nebulaplugins/go/tasks/plugins/hive/client/qubole_client.go:142.22,143.53 1 4
github.com/nebulaclouds/nebula/nebulaplugins/go/tasks/plugins/hive/client/qubole_client.go:144.23,145.54 1 2
github.com/nebulaclouds/nebula/nebulaplugins/go/tasks/plugins/hive/client/qubole_client.go:146.22,147.53 1 1
github.com/nebulaclouds/nebula/nebulaplugins/go/tasks/plugins/hive/client/qubole_client.go:150.2,150.16 1 7
github.com/nebulaclouds/nebula/nebulaplugins/go/tasks/plugins/hive/client/qubole_client.go:150.16,152.3 1 0
github.com/nebulaclouds/nebula/nebulaplugins/go/tasks/plugins/hive/client/qubole_client.go:154.2,154.17 1 7
github.com/nebulaclouds/nebula/nebulaplugins/go/tasks/plugins/hive/client/qubole_client.go:154.17,156.17 2 3
github.com/nebulaclouds/nebula/nebulaplugins/go/tasks/plugins/hive/client/qubole_client.go:156.17,158.4 1 0
github.com/nebulaclouds/nebula/nebulaplugins/go/tasks/plugins/hive/client/qubole_client.go:161.2,163.25 3 7
github.com/nebulaclouds/nebula/nebulaplugins/go/tasks/plugins/hive/client/qubole_client.go:183.52,194.16 3 2
github.com/nebulaclouds/nebula/nebulaplugins/go/tasks/plugins/hive/client/qubole_client.go:194.16,196.3 1 0
github.com/nebulaclouds/nebula/nebulaplugins/go/tasks/plugins/hive/client/qubole_client.go:197.2,199.32 2 2
github.com/nebulaclouds/nebula/nebulaplugins/go/tasks/plugins/hive/client/qubole_client.go:199.32,201.17 2 1
github.com/nebulaclouds/nebula/nebulaplugins/go/tasks/plugins/hive/client/qubole_client.go:201.17,203.4 1 0
github.com/nebulaclouds/nebula/nebulaplugins/go/tasks/plugins/hive/client/qubole_client.go:205.3,206.37 1 1
github.com/nebulaclouds/nebula/nebulaplugins/go/tasks/plugins/hive/client/qubole_client.go:209.2,210.53 2 1
github.com/nebulaclouds/nebula/nebulaplugins/go/tasks/plugins/hive/client/qubole_client.go:210.53,212.3 1 0
github.com/nebulaclouds/nebula/nebulaplugins/go/tasks/plugins/hive/client/qubole_client.go:214.2,215.16 2 1
github.com/nebulaclouds/nebula/nebulaplugins/go/tasks/plugins/hive/client/qubole_client.go:215.16,217.3 1 0
github.com/nebulaclouds/nebula/nebulaplugins/go/tasks/plugins/hive/client/qubole_client.go:219.2,219.14 1 1
github.com/nebulaclouds/nebula/nebulaplugins/go/tasks/plugins/hive/client/qubole_client.go:219.14,221.3 1 0
github.com/nebulaclouds/nebula/nebulaplugins/go/tasks/plugins/hive/client/qubole_client.go:223.2,228.8 2 1
github.com/nebulaclouds/nebula/nebulaplugins/go/tasks/plugins/hive/client/qubole_client.go:237.100,239.16 2 1
github.com/nebulaclouds/nebula/nebulaplugins/go/tasks/plugins/hive/client/qubole_client.go:239.16,241.3 1 0
github.com/nebulaclouds/nebula/nebulaplugins/go/tasks/plugins/hive/client/qubole_client.go:242.2,246.12 5 1
github.com/nebulaclouds/nebula/nebulaplugins/go/tasks/plugins/hive/client/qubole_client.go:256.121,258.16 2 4
github.com/nebulaclouds/nebula/nebulaplugins/go/tasks/plugins/hive/client/qubole_client.go:258.16,260.3 1 0
github.com/nebulaclouds/nebula/nebulaplugins/go/tasks/plugins/hive/client/qubole_client.go:261.2,263.16 3 4
github.com/nebulaclouds/nebula/nebulaplugins/go/tasks/plugins/hive/client/qubole_client.go:263.16,265.3 1 0
github.com/nebulaclouds/nebula/nebulaplugins/go/tasks/plugins/hive/client/qubole_client.go:267.2,269.32 2 4
github.com/nebulaclouds/nebula/nebulaplugins/go/tasks/plugins/hive/client/qubole_client.go:269.32,271.17 2 1
github.com/nebulaclouds/nebula/nebulaplugins/go/tasks/plugins/hive/client/qubole_client.go:271.17,273.4 1 0
github.com/nebulaclouds/nebula/nebulaplugins/go/tasks/plugins/hive/client/qubole_client.go:275.3,276.72 1 1
github.com/nebulaclouds/nebula/nebulaplugins/go/tasks/plugins/hive/client/qubole_client.go:279.2,280.53 2 3
github.com/nebulaclouds/nebula/nebulaplugins/go/tasks/plugins/hive/client/qubole_client.go:280.53,282.3 1 0
github.com/nebulaclouds/nebula/nebulaplugins/go/tasks/plugins/hive/client/qubole_client.go:284.2,285.23 2 3
github.com/nebulaclouds/nebula/nebulaplugins/go/tasks/plugins/hive/client/qubole_client.go:288.96,291.16 3 1
github.com/nebulaclouds/nebula/nebulaplugins/go/tasks/plugins/hive/client/qubole_client.go:291.16,293.3 1 0
github.com/nebulaclouds/nebula/nebulaplugins/go/tasks/plugins/hive/client/qubole_client.go:294.2,294.46 1 1
github.com/nebulaclouds/nebula/nebulaplugins/go/tasks/plugins/hive/client/qubole_client.go:297.55,303.2 1 0
github.com/nebulaclouds/nebula/nebulaplugins/go/tasks/plugins/hive/client/qubole_status.go:32.71,34.59 2 4
github.com/nebulaclouds/nebula/nebulaplugins/go/tasks/plugins/hive/client/qubole_status.go:34.59,36.3 1 3
github.com/nebulaclouds/nebula/nebulaplugins/go/tasks/plugins/hive/client/qubole_status.go:37.2,38.28 2 1
github.com/nebulaclouds/nebula/nebulaplugins/go/tasks/plugins/hive/config/config.go:16.37,18.16 2 3
github.com/nebulaclouds/nebula/nebulaplugins/go/tasks/plugins/hive/config/config.go:18.16,20.3 1 0
github.com/nebulaclouds/nebula/nebulaplugins/go/tasks/plugins/hive/config/config.go:21.2,21.14 1 3
github.com/nebulaclouds/nebula/nebulaplugins/go/tasks/plugins/hive/config/config.go:21.14,23.3 1 3
github.com/nebulaclouds/nebula/nebulaplugins/go/tasks/plugins/hive/config/config.go:24.2,25.21 2 0
github.com/nebulaclouds/nebula/nebulaplugins/go/tasks/plugins/hive/config/config.go:72.32,74.2 1 0
github.com/nebulaclouds/nebula/nebulaplugins/go/tasks/plugins/hive/config/config.go:76.41,78.2 1 0
github.com/nebulaclouds/nebula/nebulaplugins/go/tasks/plugins/hive/config/config_flags.go:17.57,18.53 1 0
github.com/nebulaclouds/nebula/nebulaplugins/go/tasks/plugins/hive/config/config_flags.go:18.53,19.33 1 0
github.com/nebulaclouds/nebula/nebulaplugins/go/tasks/plugins/hive/config/config_flags.go:19.33,21.4 1 0
github.com/nebulaclouds/nebula/nebulaplugins/go/tasks/plugins/hive/config/config_flags.go:21.9,23.4 1 0
github.com/nebulaclouds/nebula/nebulaplugins/go/tasks/plugins/hive/config/config_flags.go:24.8,24.21 1 0
github.com/nebulaclouds/nebula/nebulaplugins/go/tasks/plugins/hive/config/config_flags.go:24.21,26.3 1 0
github.com/nebulaclouds/nebula/nebulaplugins/go/tasks/plugins/hive/config/config_flags.go:28.2,28.10 1 0
github.com/nebulaclouds/nebula/nebulaplugins/go/tasks/plugins/hive/config/config_flags.go:31.53,33.16 2 0
github.com/nebulaclouds/nebula/nebulaplugins/go/tasks/plugins/hive/config/config_flags.go:33.16,34.13 1 0
github.com/nebulaclouds/nebula/nebulaplugins/go/tasks/plugins/hive/config/config_flags.go:37.2,37.20 1 0
github.com/nebulaclouds/nebula/nebulaplugins/go/tasks/plugins/hive/config/config_flags.go:40.56,42.16 2 0
github.com/nebulaclouds/nebula/nebulaplugins/go/tasks/plugins/hive/config/config_flags.go:42.16,43.13 1 0
github.com/nebulaclouds/nebula/nebulaplugins/go/tasks/plugins/hive/config/config_flags.go:46.2,46.20 1 0
github.com/nebulaclouds/nebula/nebulaplugins/go/tasks/plugins/hive/config/config_flags.go:51.61,61.2 9 2
github.com/nebulaclouds/nebula/nebulaplugins/go/tasks/plugins/presto/config/config.go:17.40,19.16 2 1
github.com/nebulaclouds/nebula/nebulaplugins/go/tasks/plugins/presto/config/config.go:19.16,21.3 1 0
github.com/nebulaclouds/nebula/nebulaplugins/go/tasks/plugins/presto/config/config.go:22.2,22.14 1 1
github.com/nebulaclouds/nebula/nebulaplugins/go/tasks/plugins/presto/config/config.go:22.14,24.3 1 1
github.com/nebulaclouds/nebula/nebulaplugins/go/tasks/plugins/presto/config/config.go:25.2,26.21 2 0
github.com/nebulaclouds/nebula/nebulaplugins/go/tasks/plugins/presto/config/config.go:113.32,115.2 1 0
github.com/nebulaclouds/nebula/nebulaplugins/go/tasks/plugins/presto/config/config.go:117.41,119.2 1 0
github.com/nebulaclouds/nebula/nebulaplugins/go/tasks/plugins/presto/config/config_flags.go:17.57,18.53 1 0
github.com/nebulaclouds/nebula/nebulaplugins/go/tasks/plugins/presto/config/config_flags.go:18.53,19.33 1 0
github.com/nebulaclouds/nebula/nebulaplugins/go/tasks/plugins/presto/config/config_flags.go:19.33,21.4 1 0
github.com/nebulaclouds/nebula/nebulaplugins/go/tasks/plugins/presto/config/config_flags.go:21.9,23.4 1 0
github.com/nebulaclouds/nebula/nebulaplugins/go/tasks/plugins/presto/config/config_flags.go:24.8,24.21 1 0
github.com/nebulaclouds/nebula/nebulaplugins/go/tasks/plugins/presto/config/config_flags.go:24.21,26.3 1 0
github.com/nebulaclouds/nebula/nebulaplugins/go/tasks/plugins/presto/config/config_flags.go:28.2,28.10 1 0
github.com/nebulaclouds/nebula/nebulaplugins/go/tasks/plugins/presto/config/config_flags.go:31.53,33.16 2 0
github.com/nebulaclouds/nebula/nebulaplugins/go/tasks/plugins/presto/config/config_flags.go:33.16,34.13 1 0
github.com/nebulaclouds/nebula/nebulaplugins/go/tasks/plugins/presto/config/config_flags.go:37.2,37.20 1 0
github.com/nebulaclouds/nebula/nebulaplugins/go/tasks/plugins/presto/config/config_flags.go:40.56,42.16 2 0
github.com/nebulaclouds/nebula/nebulaplugins/go/tasks/plugins/presto/config/config_flags.go:42.16,43.13 1 0
github.com/nebulaclouds/nebula/nebulaplugins/go/tasks/plugins/presto/config/config_flags.go:46.2,46.20 1 0
github.com/nebulaclouds/nebula/nebulaplugins/go/tasks/plugins/presto/config/config_flags.go:51.61,66.2 14 2
